<?xml version="1.0" encoding="UTF-8"?>
<!-- Generated by org.testng.reporters.JUnitReportReporter -->
<testsuite name="com.test.automation.UI_utomation.Homepage.TC001_Verify_homepage" tests="1" time="16.581" ignored="0" failures="0" timestamp="10 Jul 2018 12:25:40 GMT" skipped="0" hostname="SAMBIT-PC" errors="0">
  <testcase name="verifyLogin" time="16.581" classname="com.test.automation.UI_utomation.Homepage.TC001_Verify_homepage"/>
</testsuite> <!-- com.test.automation.UI_utomation.Homepage.TC001_Verify_homepage -->
