<?xml version="1.0" encoding="UTF-8"?>
<!-- Generated by org.testng.reporters.JUnitReportReporter -->
<testsuite name="com.test.automation.UI_utomation.Homepage.Verify_homepage" tests="1" time="5.312" ignored="0" failures="0" timestamp="19 Sep 2017 12:13:10 GMT" skipped="0" hostname="SAMBIT-PC" errors="0">
  <testcase name="verifyLogin" time="5.312" classname="com.test.automation.UI_utomation.Homepage.Verify_homepage"/>
</testsuite> <!-- com.test.automation.UI_utomation.Homepage.Verify_homepage -->
